{"message":"::1 - - [19/Jul/2018:12:15:52 +0000] \"POST /v1/auth/signup HTTP/1.1\" 406 74 \"-\" \"PostmanRuntime/7.1.5\"\n","level":"info"}
{"message":"::1 - - [19/Jul/2018:12:20:05 +0000] \"POST /v1/auth/signup HTTP/1.1\" 406 74 \"-\" \"PostmanRuntime/7.1.5\"\n","level":"info"}
{"message":"::1 - - [19/Jul/2018:12:20:30 +0000] \"POST /v1/auth/signup HTTP/1.1\" 406 74 \"-\" \"PostmanRuntime/7.1.5\"\n","level":"info"}
{"message":"::1 - - [19/Jul/2018:12:21:58 +0000] \"POST /v1/auth/signup HTTP/1.1\" 406 74 \"-\" \"PostmanRuntime/7.1.5\"\n","level":"info"}
{"message":"::1 - - [19/Jul/2018:12:24:05 +0000] \"POST /v1/auth/signup HTTP/1.1\" 406 74 \"-\" \"PostmanRuntime/7.1.5\"\n","level":"info"}
{"message":{"login":"Dionid2"},"level":"info"}
{"message":"::1 - - [19/Jul/2018:12:24:32 +0000] \"POST /v1/auth/signup HTTP/1.1\" 406 74 \"-\" \"PostmanRuntime/7.1.5\"\n","level":"info"}
{"message":"::1 - - [19/Jul/2018:12:38:39 +0000] \"POST /v1/auth/signup HTTP/1.1\" 406 74 \"-\" \"PostmanRuntime/7.1.5\"\n","level":"info"}
{"message":"::1 - - [19/Jul/2018:12:39:13 +0000] \"POST /v1/auth/signup HTTP/1.1\" 406 74 \"-\" \"PostmanRuntime/7.1.5\"\n","level":"info"}
{"error":{},"level":"error","message":"uncaughtException: Logger.stream is not a function\nTypeError: Logger.stream is not a function\n    at init (/Users/Dionid/Projects/NodeJS/BoilIt/testApp/src/app/Router/index.js:55:62)\n    at Object.<anonymous> (/Users/Dionid/Projects/NodeJS/BoilIt/testApp/server.js:46:1)\n    at Module._compile (internal/modules/cjs/loader.js:702:30)\n    at Object.Module._extensions..js (internal/modules/cjs/loader.js:713:10)\n    at Module.load (internal/modules/cjs/loader.js:612:32)\n    at tryModuleLoad (internal/modules/cjs/loader.js:551:12)\n    at Function.Module._load (internal/modules/cjs/loader.js:543:3)\n    at Function.Module.runMain (internal/modules/cjs/loader.js:744:10)\n    at startup (internal/bootstrap/node.js:240:19)\n    at bootstrapNodeJSCore (internal/bootstrap/node.js:564:3)","stack":"TypeError: Logger.stream is not a function\n    at init (/Users/Dionid/Projects/NodeJS/BoilIt/testApp/src/app/Router/index.js:55:62)\n    at Object.<anonymous> (/Users/Dionid/Projects/NodeJS/BoilIt/testApp/server.js:46:1)\n    at Module._compile (internal/modules/cjs/loader.js:702:30)\n    at Object.Module._extensions..js (internal/modules/cjs/loader.js:713:10)\n    at Module.load (internal/modules/cjs/loader.js:612:32)\n    at tryModuleLoad (internal/modules/cjs/loader.js:551:12)\n    at Function.Module._load (internal/modules/cjs/loader.js:543:3)\n    at Function.Module.runMain (internal/modules/cjs/loader.js:744:10)\n    at startup (internal/bootstrap/node.js:240:19)\n    at bootstrapNodeJSCore (internal/bootstrap/node.js:564:3)","exception":true,"date":"Thu Jul 19 2018 15:39:48 GMT+0300 (Москва, стандартное время)","process":{"pid":78124,"uid":501,"gid":20,"cwd":"/Users/Dionid/Projects/NodeJS/BoilIt/testApp","execPath":"/usr/local/Cellar/node/10.5.0_1/bin/node","version":"v10.5.0","argv":["/usr/local/Cellar/node/10.5.0_1/bin/node","/Users/Dionid/Projects/NodeJS/BoilIt/testApp/server.js"],"memoryUsage":{"rss":66359296,"heapTotal":38621184,"heapUsed":21400072,"external":183880}},"os":{"loadavg":[3.3310546875,3.833984375,3.4921875],"uptime":3555428},"trace":[{"column":62,"file":"/Users/Dionid/Projects/NodeJS/BoilIt/testApp/src/app/Router/index.js","function":"init","line":55,"method":null,"native":false},{"column":1,"file":"/Users/Dionid/Projects/NodeJS/BoilIt/testApp/server.js","function":null,"line":46,"method":null,"native":false},{"column":30,"file":"internal/modules/cjs/loader.js","function":"Module._compile","line":702,"method":"_compile","native":false},{"column":10,"file":"internal/modules/cjs/loader.js","function":"Module._extensions..js","line":713,"method":".js","native":false},{"column":32,"file":"internal/modules/cjs/loader.js","function":"Module.load","line":612,"method":"load","native":false},{"column":12,"file":"internal/modules/cjs/loader.js","function":"tryModuleLoad","line":551,"method":null,"native":false},{"column":3,"file":"internal/modules/cjs/loader.js","function":"Module._load","line":543,"method":"_load","native":false},{"column":10,"file":"internal/modules/cjs/loader.js","function":"Module.runMain","line":744,"method":"runMain","native":false},{"column":19,"file":"internal/bootstrap/node.js","function":"startup","line":240,"method":null,"native":false},{"column":3,"file":"internal/bootstrap/node.js","function":"bootstrapNodeJSCore","line":564,"method":null,"native":false}]}
{"message":"::1 - - [19/Jul/2018:12:40:21 +0000] \"POST /v1/auth/signup HTTP/1.1\" 406 74 \"-\" \"PostmanRuntime/7.1.5\"\n","level":"info"}
{"message":"::1 - - [19/Jul/2018:12:40:26 +0000] \"POST /v1/auth/signup HTTP/1.1\" 406 74 \"-\" \"PostmanRuntime/7.1.5\"\n","level":"info"}
{"message":"::1 - - [19/Jul/2018:15:11:09 +0000] \"POST /v1/auth/signup HTTP/1.1\" 500 96 \"-\" \"PostmanRuntime/7.1.5\"\n","level":"info"}
{"message":"::1 - - [20/Jul/2018:09:04:32 +0000] \"POST /v1/auth/signup HTTP/1.1\" 500 96 \"-\" \"PostmanRuntime/7.1.5\"\n","level":"info"}
{"message":"::1 - - [20/Jul/2018:09:05:16 +0000] \"POST /v1/auth/signup HTTP/1.1\" 500 96 \"-\" \"PostmanRuntime/7.1.5\"\n","level":"info"}
{"message":"::1 - - [20/Jul/2018:09:05:57 +0000] \"POST /v1/auth/signup HTTP/1.1\" 500 96 \"-\" \"PostmanRuntime/7.1.5\"\n","level":"info"}
{"message":"::1 - - [20/Jul/2018:09:06:38 +0000] \"POST /v1/auth/signup HTTP/1.1\" 500 96 \"-\" \"PostmanRuntime/7.1.5\"\n","level":"info"}
{"message":"::1 - - [20/Jul/2018:09:07:19 +0000] \"POST /v1/auth/signup HTTP/1.1\" 500 96 \"-\" \"PostmanRuntime/7.1.5\"\n","level":"info"}
{"message":"::1 - - [20/Jul/2018:09:07:34 +0000] \"POST /v1/auth/signup HTTP/1.1\" 500 96 \"-\" \"PostmanRuntime/7.1.5\"\n","level":"info"}
{"message":"::1 - - [20/Jul/2018:09:08:32 +0000] \"POST /v1/auth/signup HTTP/1.1\" 500 96 \"-\" \"PostmanRuntime/7.1.5\"\n","level":"info"}
{"message":"::1 - - [20/Jul/2018:09:11:17 +0000] \"POST /v1/auth/signup HTTP/1.1\" 200 2 \"-\" \"PostmanRuntime/7.1.5\"\n","level":"info"}
{"level":"error"}
{"message":"::1 - - [20/Jul/2018:09:35:27 +0000] \"POST /v1/auth/signin HTTP/1.1\" 502 93 \"-\" \"PostmanRuntime/7.1.5\"\n","level":"info"}
{"message":"::1 - - [20/Jul/2018:10:27:08 +0000] \"POST /v1/auth/signin HTTP/1.1\" 200 194 \"-\" \"PostmanRuntime/7.1.5\"\n","level":"info"}
{"message":"::1 - - [20/Jul/2018:10:27:14 +0000] \"POST /v1/auth/signup HTTP/1.1\" 406 74 \"-\" \"PostmanRuntime/7.1.5\"\n","level":"info"}
{"message":"::1 - - [20/Jul/2018:10:27:18 +0000] \"POST /v1/auth/signup HTTP/1.1\" 200 2 \"-\" \"PostmanRuntime/7.1.5\"\n","level":"info"}
{"message":"::1 - - [20/Jul/2018:10:27:25 +0000] \"POST /v1/auth/signin HTTP/1.1\" 200 196 \"-\" \"PostmanRuntime/7.1.5\"\n","level":"info"}
{"level":"error"}
{"message":"::1 - - [20/Jul/2018:10:50:42 +0000] \"POST /v1/auth/signin HTTP/1.1\" 502 93 \"-\" \"PostmanRuntime/7.1.5\"\n","level":"info"}
{"level":"error"}
{"message":"::1 - - [20/Jul/2018:10:51:18 +0000] \"POST /v1/auth/signin HTTP/1.1\" 502 93 \"-\" \"PostmanRuntime/7.1.5\"\n","level":"info"}
{"level":"error"}
{"message":"::1 - - [20/Jul/2018:10:52:55 +0000] \"POST /v1/auth/signin HTTP/1.1\" 502 93 \"-\" \"PostmanRuntime/7.1.5\"\n","level":"info"}
{"message":"::1 - - [20/Jul/2018:10:54:07 +0000] \"POST /v1/auth/signin HTTP/1.1\" 400 69 \"-\" \"PostmanRuntime/7.1.5\"\n","level":"info"}
{"message":"::1 - - [20/Jul/2018:10:54:53 +0000] \"POST /v1/auth/signin HTTP/1.1\" 200 196 \"-\" \"PostmanRuntime/7.1.5\"\n","level":"info"}
{"message":"::1 - - [20/Jul/2018:11:11:26 +0000] \"POST /v1/auth/signin HTTP/1.1\" 200 196 \"-\" \"PostmanRuntime/7.1.5\"\n","level":"info"}
{"error":{"code":"MODULE_NOT_FOUND"},"level":"error","message":"uncaughtException: Cannot find module 'index.js'\nError: Cannot find module 'index.js'\n    at Function.Module._resolveFilename (internal/modules/cjs/loader.js:594:15)\n    at Function.Module._resolveFilename (/Users/Dionid/Projects/NodeJS/BoilIt/testApp/node_modules/module-alias/index.js:49:29)\n    at Function.Module._load (internal/modules/cjs/loader.js:520:25)\n    at Module.require (internal/modules/cjs/loader.js:650:17)\n    at require (internal/modules/cjs/helpers.js:20:18)\n    at Object.<anonymous> (/Users/Dionid/Projects/NodeJS/BoilIt/testApp/src/app/Controllers/UsersController.js:15:14)\n    at Module._compile (internal/modules/cjs/loader.js:702:30)\n    at Object.Module._extensions..js (internal/modules/cjs/loader.js:713:10)\n    at Module.load (internal/modules/cjs/loader.js:612:32)\n    at tryModuleLoad (internal/modules/cjs/loader.js:551:12)\n    at Function.Module._load (internal/modules/cjs/loader.js:543:3)\n    at Module.require (internal/modules/cjs/loader.js:650:17)\n    at require (internal/modules/cjs/helpers.js:20:18)\n    at Object.<anonymous> (/Users/Dionid/Projects/NodeJS/BoilIt/testApp/src/app/Router/routes/v1/users.js:7:24)\n    at Module._compile (internal/modules/cjs/loader.js:702:30)\n    at Object.Module._extensions..js (internal/modules/cjs/loader.js:713:10)","stack":"Error: Cannot find module 'index.js'\n    at Function.Module._resolveFilename (internal/modules/cjs/loader.js:594:15)\n    at Function.Module._resolveFilename (/Users/Dionid/Projects/NodeJS/BoilIt/testApp/node_modules/module-alias/index.js:49:29)\n    at Function.Module._load (internal/modules/cjs/loader.js:520:25)\n    at Module.require (internal/modules/cjs/loader.js:650:17)\n    at require (internal/modules/cjs/helpers.js:20:18)\n    at Object.<anonymous> (/Users/Dionid/Projects/NodeJS/BoilIt/testApp/src/app/Controllers/UsersController.js:15:14)\n    at Module._compile (internal/modules/cjs/loader.js:702:30)\n    at Object.Module._extensions..js (internal/modules/cjs/loader.js:713:10)\n    at Module.load (internal/modules/cjs/loader.js:612:32)\n    at tryModuleLoad (internal/modules/cjs/loader.js:551:12)\n    at Function.Module._load (internal/modules/cjs/loader.js:543:3)\n    at Module.require (internal/modules/cjs/loader.js:650:17)\n    at require (internal/modules/cjs/helpers.js:20:18)\n    at Object.<anonymous> (/Users/Dionid/Projects/NodeJS/BoilIt/testApp/src/app/Router/routes/v1/users.js:7:24)\n    at Module._compile (internal/modules/cjs/loader.js:702:30)\n    at Object.Module._extensions..js (internal/modules/cjs/loader.js:713:10)","exception":true,"date":"Fri Jul 20 2018 14:25:10 GMT+0300 (Москва, стандартное время)","process":{"pid":98969,"uid":501,"gid":20,"cwd":"/Users/Dionid/Projects/NodeJS/BoilIt/testApp","execPath":"/usr/local/Cellar/node/10.5.0_1/bin/node","version":"v10.5.0","argv":["/usr/local/Cellar/node/10.5.0_1/bin/node","/Users/Dionid/Projects/NodeJS/BoilIt/testApp/server.js"],"memoryUsage":{"rss":64237568,"heapTotal":38096896,"heapUsed":21019896,"external":180611}},"os":{"loadavg":[3.45751953125,2.92236328125,2.7333984375],"uptime":3637352},"trace":[{"column":15,"file":"internal/modules/cjs/loader.js","function":"Module._resolveFilename","line":594,"method":"_resolveFilename","native":false},{"column":29,"file":"/Users/Dionid/Projects/NodeJS/BoilIt/testApp/node_modules/module-alias/index.js","function":"Module._resolveFilename","line":49,"method":"_resolveFilename","native":false},{"column":25,"file":"internal/modules/cjs/loader.js","function":"Module._load","line":520,"method":"_load","native":false},{"column":17,"file":"internal/modules/cjs/loader.js","function":"Module.require","line":650,"method":"require","native":false},{"column":18,"file":"internal/modules/cjs/helpers.js","function":"require","line":20,"method":null,"native":false},{"column":14,"file":"/Users/Dionid/Projects/NodeJS/BoilIt/testApp/src/app/Controllers/UsersController.js","function":null,"line":15,"method":null,"native":false},{"column":30,"file":"internal/modules/cjs/loader.js","function":"Module._compile","line":702,"method":"_compile","native":false},{"column":10,"file":"internal/modules/cjs/loader.js","function":"Module._extensions..js","line":713,"method":".js","native":false},{"column":32,"file":"internal/modules/cjs/loader.js","function":"Module.load","line":612,"method":"load","native":false},{"column":12,"file":"internal/modules/cjs/loader.js","function":"tryModuleLoad","line":551,"method":null,"native":false},{"column":3,"file":"internal/modules/cjs/loader.js","function":"Module._load","line":543,"method":"_load","native":false},{"column":17,"file":"internal/modules/cjs/loader.js","function":"Module.require","line":650,"method":"require","native":false},{"column":18,"file":"internal/modules/cjs/helpers.js","function":"require","line":20,"method":null,"native":false},{"column":24,"file":"/Users/Dionid/Projects/NodeJS/BoilIt/testApp/src/app/Router/routes/v1/users.js","function":null,"line":7,"method":null,"native":false},{"column":30,"file":"internal/modules/cjs/loader.js","function":"Module._compile","line":702,"method":"_compile","native":false},{"column":10,"file":"internal/modules/cjs/loader.js","function":"Module._extensions..js","line":713,"method":".js","native":false}]}
{"message":"::1 - - [20/Jul/2018:11:35:13 +0000] \"POST /v1/auth/signin HTTP/1.1\" 200 196 \"-\" \"PostmanRuntime/7.1.5\"\n","level":"info"}
{"message":"::1 - - [20/Jul/2018:11:44:31 +0000] \"GET / HTTP/1.1\" 200 5 \"-\" \"Mozilla/5.0 (Macintosh; Intel Mac OS X 10_13_5) AppleWebKit/537.36 (KHTML, like Gecko) Chrome/67.0.3396.99 Safari/537.36\"\n","level":"info"}
{"message":"::1 - - [20/Jul/2018:11:44:31 +0000] \"GET /robots.txt HTTP/1.1\" 404 60 \"-\" \"Mozilla/5.0 (Macintosh; Intel Mac OS X 10_13_5) AppleWebKit/537.36 (KHTML, like Gecko) Chrome/67.0.3396.99 Safari/537.36\"\n","level":"info"}
{"message":"::1 - - [20/Jul/2018:11:44:32 +0000] \"GET /favicon.ico HTTP/1.1\" 404 60 \"http://localhost:3000/\" \"Mozilla/5.0 (Macintosh; Intel Mac OS X 10_13_5) AppleWebKit/537.36 (KHTML, like Gecko) Chrome/67.0.3396.99 Safari/537.36\"\n","level":"info"}
{"message":"::1 - - [20/Jul/2018:12:54:45 +0000] \"POST /v1/auth/signin HTTP/1.1\" 200 196 \"-\" \"PostmanRuntime/7.1.5\"\n","level":"info"}
{"message":"::1 - - [20/Jul/2018:12:55:14 +0000] \"POST /v1/auth/signin HTTP/1.1\" 400 69 \"-\" \"PostmanRuntime/7.1.5\"\n","level":"info"}
{"message":"::1 - - [20/Jul/2018:12:55:38 +0000] \"POST /v1/auth/signin HTTP/1.1\" 400 69 \"-\" \"PostmanRuntime/7.1.5\"\n","level":"info"}
{"level":"error"}
{"message":"::1 - - [20/Jul/2018:12:57:02 +0000] \"POST /v1/auth/signin HTTP/1.1\" 502 93 \"-\" \"PostmanRuntime/7.1.5\"\n","level":"info"}
{"level":"error"}
{"message":"::1 - - [20/Jul/2018:12:58:02 +0000] \"POST /v1/auth/signin HTTP/1.1\" 502 93 \"-\" \"PostmanRuntime/7.1.5\"\n","level":"info"}
{"message":"::1 - - [20/Jul/2018:13:00:50 +0000] \"POST /v1/auth/signin HTTP/1.1\" 200 196 \"-\" \"PostmanRuntime/7.1.5\"\n","level":"info"}
{"message":"::1 - - [20/Jul/2018:13:04:37 +0000] \"POST /v1/auth/signin HTTP/1.1\" 200 196 \"-\" \"PostmanRuntime/7.1.5\"\n","level":"info"}
{"message":"::1 - - [20/Jul/2018:13:30:29 +0000] \"POST /v1/auth/signin HTTP/1.1\" 200 196 \"-\" \"PostmanRuntime/7.1.5\"\n","level":"info"}
{"message":"::1 - - [23/Jul/2018:10:13:31 +0000] \"POST /v1/auth/signin HTTP/1.1\" 400 69 \"-\" \"PostmanRuntime/7.1.5\"\n","level":"info"}
